running develop
running egg_info
creating rc2026_field.egg-info
writing rc2026_field.egg-info/PKG-INFO
writing dependency_links to rc2026_field.egg-info/dependency_links.txt
writing entry points to rc2026_field.egg-info/entry_points.txt
writing requirements to rc2026_field.egg-info/requires.txt
writing top-level names to rc2026_field.egg-info/top_level.txt
writing manifest file 'rc2026_field.egg-info/SOURCES.txt'
reading manifest file 'rc2026_field.egg-info/SOURCES.txt'
writing manifest file 'rc2026_field.egg-info/SOURCES.txt'
running build_ext
Creating /home/straduts/ros2_ws/install/rc2026_field/lib/python3.10/site-packages/rc2026-field.egg-link (link to .)
Installing target_controller script to /home/straduts/ros2_ws/install/rc2026_field/lib/rc2026_field

Installed /home/straduts/ros2_ws/build/rc2026_field
running symlink_data
symbolically linking /home/straduts/ros2_ws/build/rc2026_field/package.xml -> /home/straduts/ros2_ws/install/rc2026_field/share/rc2026_field
creating /home/straduts/ros2_ws/install/rc2026_field/share/rc2026_field/resource
symbolically linking /home/straduts/ros2_ws/build/rc2026_field/resource/homework.world -> /home/straduts/ros2_ws/install/rc2026_field/share/rc2026_field/resource
symbolically linking /home/straduts/ros2_ws/build/rc2026_field/resource/rc2026_field -> /home/straduts/ros2_ws/install/rc2026_field/share/rc2026_field/resource
creating /home/straduts/ros2_ws/install/rc2026_field/share/rc2026_field/resource/homework_world
symbolically linking /home/straduts/ros2_ws/build/rc2026_field/resource/homework_world/model.config -> /home/straduts/ros2_ws/install/rc2026_field/share/rc2026_field/resource/homework_world
symbolically linking /home/straduts/ros2_ws/build/rc2026_field/resource/homework_world/model.sdf -> /home/straduts/ros2_ws/install/rc2026_field/share/rc2026_field/resource/homework_world
creating /home/straduts/ros2_ws/install/rc2026_field/share/rc2026_field/launch
symbolically linking /home/straduts/ros2_ws/build/rc2026_field/launch/rc2026_field_sim.launch.py -> /home/straduts/ros2_ws/install/rc2026_field/share/rc2026_field/launch
creating /home/straduts/ros2_ws/install/rc2026_field/share/rc2026_field/launch/__pycache__
symbolically linking /home/straduts/ros2_ws/build/rc2026_field/launch/__pycache__/rc2026_field_sim.launch.cpython-310.pyc -> /home/straduts/ros2_ws/install/rc2026_field/share/rc2026_field/launch/__pycache__
creating /home/straduts/ros2_ws/install/rc2026_field/share/rc2026_field/urdf
symbolically linking /home/straduts/ros2_ws/build/rc2026_field/urdf/R2.xacro -> /home/straduts/ros2_ws/install/rc2026_field/share/rc2026_field/urdf
symbolically linking /home/straduts/ros2_ws/build/rc2026_field/urdf/R2.trans -> /home/straduts/ros2_ws/install/rc2026_field/share/rc2026_field/urdf
symbolically linking /home/straduts/ros2_ws/build/rc2026_field/urdf/target.xacro -> /home/straduts/ros2_ws/install/rc2026_field/share/rc2026_field/urdf
symbolically linking /home/straduts/ros2_ws/build/rc2026_field/urdf/R2.gazebo -> /home/straduts/ros2_ws/install/rc2026_field/share/rc2026_field/urdf
symbolically linking /home/straduts/ros2_ws/build/rc2026_field/urdf/materials.xacro -> /home/straduts/ros2_ws/install/rc2026_field/share/rc2026_field/urdf
creating /home/straduts/ros2_ws/install/rc2026_field/share/rc2026_field/config
symbolically linking /home/straduts/ros2_ws/build/rc2026_field/config/controller.yaml -> /home/straduts/ros2_ws/install/rc2026_field/share/rc2026_field/config
creating /home/straduts/ros2_ws/install/rc2026_field/share/rc2026_field/rviz
symbolically linking /home/straduts/ros2_ws/build/rc2026_field/rviz/field.rviz -> /home/straduts/ros2_ws/install/rc2026_field/share/rc2026_field/rviz
creating /home/straduts/ros2_ws/install/rc2026_field/share/rc2026_field/meshes
symbolically linking /home/straduts/ros2_ws/build/rc2026_field/meshes/wheel_2_1.stl -> /home/straduts/ros2_ws/install/rc2026_field/share/rc2026_field/meshes
symbolically linking /home/straduts/ros2_ws/build/rc2026_field/meshes/rise_link_1.stl -> /home/straduts/ros2_ws/install/rc2026_field/share/rc2026_field/meshes
symbolically linking /home/straduts/ros2_ws/build/rc2026_field/meshes/x_move_1.stl -> /home/straduts/ros2_ws/install/rc2026_field/share/rc2026_field/meshes
symbolically linking /home/straduts/ros2_ws/build/rc2026_field/meshes/head_link_1.stl -> /home/straduts/ros2_ws/install/rc2026_field/share/rc2026_field/meshes
symbolically linking /home/straduts/ros2_ws/build/rc2026_field/meshes/mid360_1.stl -> /home/straduts/ros2_ws/install/rc2026_field/share/rc2026_field/meshes
symbolically linking /home/straduts/ros2_ws/build/rc2026_field/meshes/big_arm_1.stl -> /home/straduts/ros2_ws/install/rc2026_field/share/rc2026_field/meshes
symbolically linking /home/straduts/ros2_ws/build/rc2026_field/meshes/wheel_1_1.stl -> /home/straduts/ros2_ws/install/rc2026_field/share/rc2026_field/meshes
symbolically linking /home/straduts/ros2_ws/build/rc2026_field/meshes/base_link.stl -> /home/straduts/ros2_ws/install/rc2026_field/share/rc2026_field/meshes
symbolically linking /home/straduts/ros2_ws/build/rc2026_field/meshes/y_move_1.stl -> /home/straduts/ros2_ws/install/rc2026_field/share/rc2026_field/meshes
symbolically linking /home/straduts/ros2_ws/build/rc2026_field/meshes/small_arm_1.stl -> /home/straduts/ros2_ws/install/rc2026_field/share/rc2026_field/meshes
symbolically linking /home/straduts/ros2_ws/build/rc2026_field/meshes/wheel_3_1.stl -> /home/straduts/ros2_ws/install/rc2026_field/share/rc2026_field/meshes
symbolically linking /home/straduts/ros2_ws/build/rc2026_field/meshes/wheel_4_1.stl -> /home/straduts/ros2_ws/install/rc2026_field/share/rc2026_field/meshes
