[0.620s] Invoking command in '/home/straduts/ros2_ws/build/rc2026_field': PYTHONPATH=/home/straduts/ros2_ws/build/rc2026_field/prefix_override:/usr/lib/python3/dist-packages/colcon_core/task/python/colcon_distutils_commands:/home/straduts/ros2_ws/install/rc2026_field/lib/python3.10/site-packages:${PYTHONPATH} /usr/bin/python3 -W ignore:setup.py install is deprecated -W ignore:easy_install command is deprecated setup.py develop --editable --build-directory /home/straduts/ros2_ws/build/rc2026_field/build --no-deps symlink_data
[0.808s] running develop
[0.912s] running egg_info
[0.912s] creating rc2026_field.egg-info
[0.912s] writing rc2026_field.egg-info/PKG-INFO
[0.912s] writing dependency_links to rc2026_field.egg-info/dependency_links.txt
[0.912s] writing entry points to rc2026_field.egg-info/entry_points.txt
[0.912s] writing requirements to rc2026_field.egg-info/requires.txt
[0.913s] writing top-level names to rc2026_field.egg-info/top_level.txt
[0.914s] writing manifest file 'rc2026_field.egg-info/SOURCES.txt'
[0.915s] reading manifest file 'rc2026_field.egg-info/SOURCES.txt'
[0.916s] writing manifest file 'rc2026_field.egg-info/SOURCES.txt'
[0.917s] running build_ext
[0.917s] Creating /home/straduts/ros2_ws/install/rc2026_field/lib/python3.10/site-packages/rc2026-field.egg-link (link to .)
[0.918s] Installing target_controller script to /home/straduts/ros2_ws/install/rc2026_field/lib/rc2026_field
[0.918s] 
[0.919s] Installed /home/straduts/ros2_ws/build/rc2026_field
[0.919s] running symlink_data
[0.919s] symbolically linking /home/straduts/ros2_ws/build/rc2026_field/package.xml -> /home/straduts/ros2_ws/install/rc2026_field/share/rc2026_field
[0.919s] creating /home/straduts/ros2_ws/install/rc2026_field/share/rc2026_field/resource
[0.919s] symbolically linking /home/straduts/ros2_ws/build/rc2026_field/resource/homework.world -> /home/straduts/ros2_ws/install/rc2026_field/share/rc2026_field/resource
[0.919s] symbolically linking /home/straduts/ros2_ws/build/rc2026_field/resource/rc2026_field -> /home/straduts/ros2_ws/install/rc2026_field/share/rc2026_field/resource
[0.919s] creating /home/straduts/ros2_ws/install/rc2026_field/share/rc2026_field/resource/homework_world
[0.919s] symbolically linking /home/straduts/ros2_ws/build/rc2026_field/resource/homework_world/model.config -> /home/straduts/ros2_ws/install/rc2026_field/share/rc2026_field/resource/homework_world
[0.919s] symbolically linking /home/straduts/ros2_ws/build/rc2026_field/resource/homework_world/model.sdf -> /home/straduts/ros2_ws/install/rc2026_field/share/rc2026_field/resource/homework_world
[0.920s] creating /home/straduts/ros2_ws/install/rc2026_field/share/rc2026_field/launch
[0.920s] symbolically linking /home/straduts/ros2_ws/build/rc2026_field/launch/rc2026_field_sim.launch.py -> /home/straduts/ros2_ws/install/rc2026_field/share/rc2026_field/launch
[0.920s] creating /home/straduts/ros2_ws/install/rc2026_field/share/rc2026_field/launch/__pycache__
[0.920s] symbolically linking /home/straduts/ros2_ws/build/rc2026_field/launch/__pycache__/rc2026_field_sim.launch.cpython-310.pyc -> /home/straduts/ros2_ws/install/rc2026_field/share/rc2026_field/launch/__pycache__
[0.920s] creating /home/straduts/ros2_ws/install/rc2026_field/share/rc2026_field/urdf
[0.920s] symbolically linking /home/straduts/ros2_ws/build/rc2026_field/urdf/R2.xacro -> /home/straduts/ros2_ws/install/rc2026_field/share/rc2026_field/urdf
[0.920s] symbolically linking /home/straduts/ros2_ws/build/rc2026_field/urdf/R2.trans -> /home/straduts/ros2_ws/install/rc2026_field/share/rc2026_field/urdf
[0.920s] symbolically linking /home/straduts/ros2_ws/build/rc2026_field/urdf/target.xacro -> /home/straduts/ros2_ws/install/rc2026_field/share/rc2026_field/urdf
[0.921s] symbolically linking /home/straduts/ros2_ws/build/rc2026_field/urdf/R2.gazebo -> /home/straduts/ros2_ws/install/rc2026_field/share/rc2026_field/urdf
[0.921s] symbolically linking /home/straduts/ros2_ws/build/rc2026_field/urdf/materials.xacro -> /home/straduts/ros2_ws/install/rc2026_field/share/rc2026_field/urdf
[0.921s] creating /home/straduts/ros2_ws/install/rc2026_field/share/rc2026_field/config
[0.921s] symbolically linking /home/straduts/ros2_ws/build/rc2026_field/config/controller.yaml -> /home/straduts/ros2_ws/install/rc2026_field/share/rc2026_field/config
[0.921s] creating /home/straduts/ros2_ws/install/rc2026_field/share/rc2026_field/rviz
[0.921s] symbolically linking /home/straduts/ros2_ws/build/rc2026_field/rviz/field.rviz -> /home/straduts/ros2_ws/install/rc2026_field/share/rc2026_field/rviz
[0.921s] creating /home/straduts/ros2_ws/install/rc2026_field/share/rc2026_field/meshes
[0.921s] symbolically linking /home/straduts/ros2_ws/build/rc2026_field/meshes/wheel_2_1.stl -> /home/straduts/ros2_ws/install/rc2026_field/share/rc2026_field/meshes
[0.921s] symbolically linking /home/straduts/ros2_ws/build/rc2026_field/meshes/rise_link_1.stl -> /home/straduts/ros2_ws/install/rc2026_field/share/rc2026_field/meshes
[0.921s] symbolically linking /home/straduts/ros2_ws/build/rc2026_field/meshes/x_move_1.stl -> /home/straduts/ros2_ws/install/rc2026_field/share/rc2026_field/meshes
[0.925s] symbolically linking /home/straduts/ros2_ws/build/rc2026_field/meshes/head_link_1.stl -> /home/straduts/ros2_ws/install/rc2026_field/share/rc2026_field/meshes
[0.925s] symbolically linking /home/straduts/ros2_ws/build/rc2026_field/meshes/mid360_1.stl -> /home/straduts/ros2_ws/install/rc2026_field/share/rc2026_field/meshes
[0.925s] symbolically linking /home/straduts/ros2_ws/build/rc2026_field/meshes/big_arm_1.stl -> /home/straduts/ros2_ws/install/rc2026_field/share/rc2026_field/meshes
[0.925s] symbolically linking /home/straduts/ros2_ws/build/rc2026_field/meshes/wheel_1_1.stl -> /home/straduts/ros2_ws/install/rc2026_field/share/rc2026_field/meshes
[0.925s] symbolically linking /home/straduts/ros2_ws/build/rc2026_field/meshes/base_link.stl -> /home/straduts/ros2_ws/install/rc2026_field/share/rc2026_field/meshes
[0.925s] symbolically linking /home/straduts/ros2_ws/build/rc2026_field/meshes/y_move_1.stl -> /home/straduts/ros2_ws/install/rc2026_field/share/rc2026_field/meshes
[0.925s] symbolically linking /home/straduts/ros2_ws/build/rc2026_field/meshes/small_arm_1.stl -> /home/straduts/ros2_ws/install/rc2026_field/share/rc2026_field/meshes
[0.926s] symbolically linking /home/straduts/ros2_ws/build/rc2026_field/meshes/wheel_3_1.stl -> /home/straduts/ros2_ws/install/rc2026_field/share/rc2026_field/meshes
[0.926s] symbolically linking /home/straduts/ros2_ws/build/rc2026_field/meshes/wheel_4_1.stl -> /home/straduts/ros2_ws/install/rc2026_field/share/rc2026_field/meshes
[0.948s] Invoked command in '/home/straduts/ros2_ws/build/rc2026_field' returned '0': PYTHONPATH=/home/straduts/ros2_ws/build/rc2026_field/prefix_override:/usr/lib/python3/dist-packages/colcon_core/task/python/colcon_distutils_commands:/home/straduts/ros2_ws/install/rc2026_field/lib/python3.10/site-packages:${PYTHONPATH} /usr/bin/python3 -W ignore:setup.py install is deprecated -W ignore:easy_install command is deprecated setup.py develop --editable --build-directory /home/straduts/ros2_ws/build/rc2026_field/build --no-deps symlink_data
