running egg_info
creating ../../build/robot_follow_target/robot_follow_target.egg-info
writing ../../build/robot_follow_target/robot_follow_target.egg-info/PKG-INFO
writing dependency_links to ../../build/robot_follow_target/robot_follow_target.egg-info/dependency_links.txt
writing entry points to ../../build/robot_follow_target/robot_follow_target.egg-info/entry_points.txt
writing requirements to ../../build/robot_follow_target/robot_follow_target.egg-info/requires.txt
writing top-level names to ../../build/robot_follow_target/robot_follow_target.egg-info/top_level.txt
writing manifest file '../../build/robot_follow_target/robot_follow_target.egg-info/SOURCES.txt'
reading manifest file '../../build/robot_follow_target/robot_follow_target.egg-info/SOURCES.txt'
adding license file 'LICENSE'
writing manifest file '../../build/robot_follow_target/robot_follow_target.egg-info/SOURCES.txt'
running build
running build_py
creating /home/straduts/ros2_ws/build/robot_follow_target/build
creating /home/straduts/ros2_ws/build/robot_follow_target/build/lib
creating /home/straduts/ros2_ws/build/robot_follow_target/build/lib/robot_follow_target
copying robot_follow_target/camera_processor.py -> /home/straduts/ros2_ws/build/robot_follow_target/build/lib/robot_follow_target
copying robot_follow_target/follow_controller.py -> /home/straduts/ros2_ws/build/robot_follow_target/build/lib/robot_follow_target
copying robot_follow_target/__init__.py -> /home/straduts/ros2_ws/build/robot_follow_target/build/lib/robot_follow_target
copying robot_follow_target/utils.py -> /home/straduts/ros2_ws/build/robot_follow_target/build/lib/robot_follow_target
running install
running install_lib
creating /home/straduts/ros2_ws/install/robot_follow_target/lib/python3.10/site-packages/robot_follow_target
copying /home/straduts/ros2_ws/build/robot_follow_target/build/lib/robot_follow_target/camera_processor.py -> /home/straduts/ros2_ws/install/robot_follow_target/lib/python3.10/site-packages/robot_follow_target
copying /home/straduts/ros2_ws/build/robot_follow_target/build/lib/robot_follow_target/follow_controller.py -> /home/straduts/ros2_ws/install/robot_follow_target/lib/python3.10/site-packages/robot_follow_target
copying /home/straduts/ros2_ws/build/robot_follow_target/build/lib/robot_follow_target/__init__.py -> /home/straduts/ros2_ws/install/robot_follow_target/lib/python3.10/site-packages/robot_follow_target
copying /home/straduts/ros2_ws/build/robot_follow_target/build/lib/robot_follow_target/utils.py -> /home/straduts/ros2_ws/install/robot_follow_target/lib/python3.10/site-packages/robot_follow_target
byte-compiling /home/straduts/ros2_ws/install/robot_follow_target/lib/python3.10/site-packages/robot_follow_target/camera_processor.py to camera_processor.cpython-310.pyc
byte-compiling /home/straduts/ros2_ws/install/robot_follow_target/lib/python3.10/site-packages/robot_follow_target/follow_controller.py to follow_controller.cpython-310.pyc
byte-compiling /home/straduts/ros2_ws/install/robot_follow_target/lib/python3.10/site-packages/robot_follow_target/__init__.py to __init__.cpython-310.pyc
byte-compiling /home/straduts/ros2_ws/install/robot_follow_target/lib/python3.10/site-packages/robot_follow_target/utils.py to utils.cpython-310.pyc
running install_data
creating /home/straduts/ros2_ws/install/robot_follow_target/share/ament_index
creating /home/straduts/ros2_ws/install/robot_follow_target/share/ament_index/resource_index
creating /home/straduts/ros2_ws/install/robot_follow_target/share/ament_index/resource_index/packages
copying resource/robot_follow_target -> /home/straduts/ros2_ws/install/robot_follow_target/share/ament_index/resource_index/packages
copying package.xml -> /home/straduts/ros2_ws/install/robot_follow_target/share/robot_follow_target
creating /home/straduts/ros2_ws/install/robot_follow_target/share/robot_follow_target/config
copying config/follow_params.yaml -> /home/straduts/ros2_ws/install/robot_follow_target/share/robot_follow_target/config
creating /home/straduts/ros2_ws/install/robot_follow_target/share/robot_follow_target/launch
copying launch/gazebo_load_both.launch.py -> /home/straduts/ros2_ws/install/robot_follow_target/share/robot_follow_target/launch
running install_egg_info
Copying ../../build/robot_follow_target/robot_follow_target.egg-info to /home/straduts/ros2_ws/install/robot_follow_target/lib/python3.10/site-packages/robot_follow_target-0.0.0-py3.10.egg-info
running install_scripts
Installing camera_processor script to /home/straduts/ros2_ws/install/robot_follow_target/lib/robot_follow_target
Installing follow_controller script to /home/straduts/ros2_ws/install/robot_follow_target/lib/robot_follow_target
writing list of installed files to '/home/straduts/ros2_ws/build/robot_follow_target/install.log'
