[0.418s] Invoking command in '/home/straduts/ros2_ws/src/robot_follow_target': PYTHONPATH=/home/straduts/ros2_ws/build/robot_follow_target/prefix_override:/usr/lib/python3/dist-packages/colcon_core/task/python/colcon_distutils_commands:/home/straduts/ros2_ws/install/robot_follow_target/lib/python3.10/site-packages:${PYTHONPATH} /usr/bin/python3 -W ignore:setup.py install is deprecated -W ignore:easy_install command is deprecated setup.py egg_info --egg-base ../../build/robot_follow_target build --build-base /home/straduts/ros2_ws/build/robot_follow_target/build install --record /home/straduts/ros2_ws/build/robot_follow_target/install.log --single-version-externally-managed install_data
[0.589s] running egg_info
[0.589s] creating ../../build/robot_follow_target/robot_follow_target.egg-info
[0.589s] writing ../../build/robot_follow_target/robot_follow_target.egg-info/PKG-INFO
[0.589s] writing dependency_links to ../../build/robot_follow_target/robot_follow_target.egg-info/dependency_links.txt
[0.589s] writing entry points to ../../build/robot_follow_target/robot_follow_target.egg-info/entry_points.txt
[0.589s] writing requirements to ../../build/robot_follow_target/robot_follow_target.egg-info/requires.txt
[0.589s] writing top-level names to ../../build/robot_follow_target/robot_follow_target.egg-info/top_level.txt
[0.589s] writing manifest file '../../build/robot_follow_target/robot_follow_target.egg-info/SOURCES.txt'
[0.591s] reading manifest file '../../build/robot_follow_target/robot_follow_target.egg-info/SOURCES.txt'
[0.591s] adding license file 'LICENSE'
[0.591s] writing manifest file '../../build/robot_follow_target/robot_follow_target.egg-info/SOURCES.txt'
[0.591s] running build
[0.591s] running build_py
[0.591s] creating /home/straduts/ros2_ws/build/robot_follow_target/build
[0.591s] creating /home/straduts/ros2_ws/build/robot_follow_target/build/lib
[0.591s] creating /home/straduts/ros2_ws/build/robot_follow_target/build/lib/robot_follow_target
[0.591s] copying robot_follow_target/camera_processor.py -> /home/straduts/ros2_ws/build/robot_follow_target/build/lib/robot_follow_target
[0.591s] copying robot_follow_target/follow_controller.py -> /home/straduts/ros2_ws/build/robot_follow_target/build/lib/robot_follow_target
[0.591s] copying robot_follow_target/__init__.py -> /home/straduts/ros2_ws/build/robot_follow_target/build/lib/robot_follow_target
[0.591s] copying robot_follow_target/utils.py -> /home/straduts/ros2_ws/build/robot_follow_target/build/lib/robot_follow_target
[0.591s] running install
[0.592s] running install_lib
[0.592s] creating /home/straduts/ros2_ws/install/robot_follow_target/lib/python3.10/site-packages/robot_follow_target
[0.592s] copying /home/straduts/ros2_ws/build/robot_follow_target/build/lib/robot_follow_target/camera_processor.py -> /home/straduts/ros2_ws/install/robot_follow_target/lib/python3.10/site-packages/robot_follow_target
[0.592s] copying /home/straduts/ros2_ws/build/robot_follow_target/build/lib/robot_follow_target/follow_controller.py -> /home/straduts/ros2_ws/install/robot_follow_target/lib/python3.10/site-packages/robot_follow_target
[0.592s] copying /home/straduts/ros2_ws/build/robot_follow_target/build/lib/robot_follow_target/__init__.py -> /home/straduts/ros2_ws/install/robot_follow_target/lib/python3.10/site-packages/robot_follow_target
[0.592s] copying /home/straduts/ros2_ws/build/robot_follow_target/build/lib/robot_follow_target/utils.py -> /home/straduts/ros2_ws/install/robot_follow_target/lib/python3.10/site-packages/robot_follow_target
[0.593s] byte-compiling /home/straduts/ros2_ws/install/robot_follow_target/lib/python3.10/site-packages/robot_follow_target/camera_processor.py to camera_processor.cpython-310.pyc
[0.593s] byte-compiling /home/straduts/ros2_ws/install/robot_follow_target/lib/python3.10/site-packages/robot_follow_target/follow_controller.py to follow_controller.cpython-310.pyc
[0.594s] byte-compiling /home/straduts/ros2_ws/install/robot_follow_target/lib/python3.10/site-packages/robot_follow_target/__init__.py to __init__.cpython-310.pyc
[0.594s] byte-compiling /home/straduts/ros2_ws/install/robot_follow_target/lib/python3.10/site-packages/robot_follow_target/utils.py to utils.cpython-310.pyc
[0.594s] running install_data
[0.594s] creating /home/straduts/ros2_ws/install/robot_follow_target/share/ament_index
[0.594s] creating /home/straduts/ros2_ws/install/robot_follow_target/share/ament_index/resource_index
[0.594s] creating /home/straduts/ros2_ws/install/robot_follow_target/share/ament_index/resource_index/packages
[0.594s] copying resource/robot_follow_target -> /home/straduts/ros2_ws/install/robot_follow_target/share/ament_index/resource_index/packages
[0.594s] copying package.xml -> /home/straduts/ros2_ws/install/robot_follow_target/share/robot_follow_target
[0.595s] creating /home/straduts/ros2_ws/install/robot_follow_target/share/robot_follow_target/config
[0.595s] copying config/follow_params.yaml -> /home/straduts/ros2_ws/install/robot_follow_target/share/robot_follow_target/config
[0.595s] creating /home/straduts/ros2_ws/install/robot_follow_target/share/robot_follow_target/launch
[0.595s] copying launch/gazebo_load_both.launch.py -> /home/straduts/ros2_ws/install/robot_follow_target/share/robot_follow_target/launch
[0.595s] running install_egg_info
[0.596s] Copying ../../build/robot_follow_target/robot_follow_target.egg-info to /home/straduts/ros2_ws/install/robot_follow_target/lib/python3.10/site-packages/robot_follow_target-0.0.0-py3.10.egg-info
[0.598s] running install_scripts
[0.614s] Installing camera_processor script to /home/straduts/ros2_ws/install/robot_follow_target/lib/robot_follow_target
[0.614s] Installing follow_controller script to /home/straduts/ros2_ws/install/robot_follow_target/lib/robot_follow_target
[0.614s] writing list of installed files to '/home/straduts/ros2_ws/build/robot_follow_target/install.log'
[0.631s] Invoked command in '/home/straduts/ros2_ws/src/robot_follow_target' returned '0': PYTHONPATH=/home/straduts/ros2_ws/build/robot_follow_target/prefix_override:/usr/lib/python3/dist-packages/colcon_core/task/python/colcon_distutils_commands:/home/straduts/ros2_ws/install/robot_follow_target/lib/python3.10/site-packages:${PYTHONPATH} /usr/bin/python3 -W ignore:setup.py install is deprecated -W ignore:easy_install command is deprecated setup.py egg_info --egg-base ../../build/robot_follow_target build --build-base /home/straduts/ros2_ws/build/robot_follow_target/build install --record /home/straduts/ros2_ws/build/robot_follow_target/install.log --single-version-externally-managed install_data
