[0.604s] Invoking command in '/home/straduts/ros2_ws/build/robot_follow_target': PYTHONPATH=/home/straduts/ros2_ws/build/robot_follow_target/prefix_override:/usr/lib/python3/dist-packages/colcon_core/task/python/colcon_distutils_commands:/home/straduts/ros2_ws/install/robot_follow_target/lib/python3.10/site-packages:${PYTHONPATH} /usr/bin/python3 -W ignore:setup.py install is deprecated -W ignore:easy_install command is deprecated setup.py develop --editable --build-directory /home/straduts/ros2_ws/build/robot_follow_target/build --no-deps symlink_data --force
[0.794s] running develop
[0.894s] running egg_info
[0.894s] writing robot_follow_target.egg-info/PKG-INFO
[0.894s] writing dependency_links to robot_follow_target.egg-info/dependency_links.txt
[0.895s] writing entry points to robot_follow_target.egg-info/entry_points.txt
[0.895s] writing requirements to robot_follow_target.egg-info/requires.txt
[0.895s] writing top-level names to robot_follow_target.egg-info/top_level.txt
[0.896s] reading manifest file 'robot_follow_target.egg-info/SOURCES.txt'
[0.897s] writing manifest file 'robot_follow_target.egg-info/SOURCES.txt'
[0.898s] running build_ext
[0.898s] Creating /home/straduts/ros2_ws/install/robot_follow_target/lib/python3.10/site-packages/robot-follow-target.egg-link (link to .)
[0.899s] Installing camera_processor script to /home/straduts/ros2_ws/install/robot_follow_target/lib/robot_follow_target
[0.899s] Installing follow_controller script to /home/straduts/ros2_ws/install/robot_follow_target/lib/robot_follow_target
[0.899s] 
[0.899s] Installed /home/straduts/ros2_ws/build/robot_follow_target
[0.899s] running symlink_data
[0.899s] symbolically linking /home/straduts/ros2_ws/build/robot_follow_target/resource/robot_follow_target -> /home/straduts/ros2_ws/install/robot_follow_target/share/ament_index/resource_index/packages
[0.899s] symbolically linking /home/straduts/ros2_ws/build/robot_follow_target/package.xml -> /home/straduts/ros2_ws/install/robot_follow_target/share/robot_follow_target
[0.899s] symbolically linking /home/straduts/ros2_ws/build/robot_follow_target/config/follow_params.yaml -> /home/straduts/ros2_ws/install/robot_follow_target/share/robot_follow_target/config
[0.899s] symbolically linking /home/straduts/ros2_ws/build/robot_follow_target/launch/gazebo_load_both.launch.py -> /home/straduts/ros2_ws/install/robot_follow_target/share/robot_follow_target/launch
[0.920s] Invoked command in '/home/straduts/ros2_ws/build/robot_follow_target' returned '0': PYTHONPATH=/home/straduts/ros2_ws/build/robot_follow_target/prefix_override:/usr/lib/python3/dist-packages/colcon_core/task/python/colcon_distutils_commands:/home/straduts/ros2_ws/install/robot_follow_target/lib/python3.10/site-packages:${PYTHONPATH} /usr/bin/python3 -W ignore:setup.py install is deprecated -W ignore:easy_install command is deprecated setup.py develop --editable --build-directory /home/straduts/ros2_ws/build/robot_follow_target/build --no-deps symlink_data --force
