[0.112s] DEBUG:colcon:Command line arguments: ['/usr/bin/colcon', 'build', '--symlink-install', '--packages-select', 'rc2026_field', 'robot_follow_target']
[0.112s] DEBUG:colcon:Parsed command line arguments: Namespace(log_base=None, log_level=None, verb_name='build', build_base='build', install_base='install', merge_install=False, symlink_install=True, test_result_base=None, continue_on_error=False, executor='parallel', parallel_workers=2, event_handlers=None, ignore_user_meta=False, metas=['./colcon.meta'], base_paths=['.'], packages_ignore=None, packages_ignore_regex=None, paths=None, packages_up_to=None, packages_up_to_regex=None, packages_above=None, packages_above_and_dependencies=None, packages_above_depth=None, packages_select_by_dep=None, packages_skip_by_dep=None, packages_skip_up_to=None, packages_select_build_failed=False, packages_skip_build_finished=False, packages_select_test_failures=False, packages_skip_test_passed=False, packages_select=['rc2026_field', 'robot_follow_target'], packages_skip=None, packages_select_regex=None, packages_skip_regex=None, packages_start=None, packages_end=None, allow_overriding=[], cmake_args=None, cmake_target=None, cmake_target_skip_unavailable=False, cmake_clean_cache=False, cmake_clean_first=False, cmake_force_configure=False, ament_cmake_args=None, catkin_cmake_args=None, catkin_skip_building_tests=False, verb_parser=<colcon_defaults.argument_parser.defaults.DefaultArgumentsDecorator object at 0x7011a282f610>, verb_extension=<colcon_core.verb.build.BuildVerb object at 0x7011a282f100>, main=<bound method BuildVerb.main of <colcon_core.verb.build.BuildVerb object at 0x7011a282f100>>)
[0.313s] Level 1:colcon.colcon_core.package_discovery:discover_packages(colcon_meta) check parameters
[0.313s] Level 1:colcon.colcon_core.package_discovery:discover_packages(recursive) check parameters
[0.313s] Level 1:colcon.colcon_core.package_discovery:discover_packages(ignore) check parameters
[0.313s] Level 1:colcon.colcon_core.package_discovery:discover_packages(path) check parameters
[0.313s] Level 1:colcon.colcon_core.package_discovery:discover_packages(colcon_meta) discover
[0.313s] Level 1:colcon.colcon_core.package_discovery:discover_packages(recursive) discover
[0.313s] INFO:colcon.colcon_core.package_discovery:Crawling recursively for packages in '/home/straduts/ros2_ws'
[0.313s] Level 1:colcon.colcon_core.package_identification:_identify(.) by extensions ['ignore', 'ignore_ament_install']
[0.313s] Level 1:colcon.colcon_core.package_identification:_identify(.) by extension 'ignore'
[0.313s] Level 1:colcon.colcon_core.package_identification:_identify(.) by extension 'ignore_ament_install'
[0.313s] Level 1:colcon.colcon_core.package_identification:_identify(.) by extensions ['colcon_pkg']
[0.313s] Level 1:colcon.colcon_core.package_identification:_identify(.) by extension 'colcon_pkg'
[0.314s] Level 1:colcon.colcon_core.package_identification:_identify(.) by extensions ['colcon_meta']
[0.314s] Level 1:colcon.colcon_core.package_identification:_identify(.) by extension 'colcon_meta'
[0.314s] Level 1:colcon.colcon_core.package_identification:_identify(.) by extensions ['ros']
[0.314s] Level 1:colcon.colcon_core.package_identification:_identify(.) by extension 'ros'
[0.324s] Level 1:colcon.colcon_core.package_identification:_identify(.) by extensions ['cmake', 'python']
[0.324s] Level 1:colcon.colcon_core.package_identification:_identify(.) by extension 'cmake'
[0.324s] Level 1:colcon.colcon_core.package_identification:_identify(.) by extension 'python'
[0.324s] Level 1:colcon.colcon_core.package_identification:_identify(.) by extensions ['python_setup_py']
[0.324s] Level 1:colcon.colcon_core.package_identification:_identify(.) by extension 'python_setup_py'
[0.325s] Level 1:colcon.colcon_core.package_identification:_identify(build) by extensions ['ignore', 'ignore_ament_install']
[0.325s] Level 1:colcon.colcon_core.package_identification:_identify(build) by extension 'ignore'
[0.325s] Level 1:colcon.colcon_core.package_identification:_identify(build) ignored
[0.325s] Level 1:colcon.colcon_core.package_identification:_identify(install) by extensions ['ignore', 'ignore_ament_install']
[0.325s] Level 1:colcon.colcon_core.package_identification:_identify(install) by extension 'ignore'
[0.325s] Level 1:colcon.colcon_core.package_identification:_identify(install) ignored
[0.325s] Level 1:colcon.colcon_core.package_identification:_identify(log) by extensions ['ignore', 'ignore_ament_install']
[0.325s] Level 1:colcon.colcon_core.package_identification:_identify(log) by extension 'ignore'
[0.325s] Level 1:colcon.colcon_core.package_identification:_identify(log) ignored
[0.325s] Level 1:colcon.colcon_core.package_identification:_identify(src) by extensions ['ignore', 'ignore_ament_install']
[0.325s] Level 1:colcon.colcon_core.package_identification:_identify(src) by extension 'ignore'
[0.325s] Level 1:colcon.colcon_core.package_identification:_identify(src) by extension 'ignore_ament_install'
[0.325s] Level 1:colcon.colcon_core.package_identification:_identify(src) by extensions ['colcon_pkg']
[0.325s] Level 1:colcon.colcon_core.package_identification:_identify(src) by extension 'colcon_pkg'
[0.326s] Level 1:colcon.colcon_core.package_identification:_identify(src) by extensions ['colcon_meta']
[0.326s] Level 1:colcon.colcon_core.package_identification:_identify(src) by extension 'colcon_meta'
[0.326s] Level 1:colcon.colcon_core.package_identification:_identify(src) by extensions ['ros']
[0.326s] Level 1:colcon.colcon_core.package_identification:_identify(src) by extension 'ros'
[0.326s] Level 1:colcon.colcon_core.package_identification:_identify(src) by extensions ['cmake', 'python']
[0.326s] Level 1:colcon.colcon_core.package_identification:_identify(src) by extension 'cmake'
[0.326s] Level 1:colcon.colcon_core.package_identification:_identify(src) by extension 'python'
[0.326s] Level 1:colcon.colcon_core.package_identification:_identify(src) by extensions ['python_setup_py']
[0.326s] Level 1:colcon.colcon_core.package_identification:_identify(src) by extension 'python_setup_py'
[0.327s] Level 1:colcon.colcon_core.package_identification:_identify(src/rc2026_field_hw) by extensions ['ignore', 'ignore_ament_install']
[0.327s] Level 1:colcon.colcon_core.package_identification:_identify(src/rc2026_field_hw) by extension 'ignore'
[0.327s] Level 1:colcon.colcon_core.package_identification:_identify(src/rc2026_field_hw) by extension 'ignore_ament_install'
[0.327s] Level 1:colcon.colcon_core.package_identification:_identify(src/rc2026_field_hw) by extensions ['colcon_pkg']
[0.327s] Level 1:colcon.colcon_core.package_identification:_identify(src/rc2026_field_hw) by extension 'colcon_pkg'
[0.327s] Level 1:colcon.colcon_core.package_identification:_identify(src/rc2026_field_hw) by extensions ['colcon_meta']
[0.327s] Level 1:colcon.colcon_core.package_identification:_identify(src/rc2026_field_hw) by extension 'colcon_meta'
[0.327s] Level 1:colcon.colcon_core.package_identification:_identify(src/rc2026_field_hw) by extensions ['ros']
[0.327s] Level 1:colcon.colcon_core.package_identification:_identify(src/rc2026_field_hw) by extension 'ros'
[0.330s] DEBUG:colcon.colcon_core.package_identification:Package 'src/rc2026_field_hw' with type 'ros.ament_python' and name 'rc2026_field'
[0.330s] Level 1:colcon.colcon_core.package_identification:_identify(src/robot_follow_target) by extensions ['ignore', 'ignore_ament_install']
[0.330s] Level 1:colcon.colcon_core.package_identification:_identify(src/robot_follow_target) by extension 'ignore'
[0.330s] Level 1:colcon.colcon_core.package_identification:_identify(src/robot_follow_target) by extension 'ignore_ament_install'
[0.330s] Level 1:colcon.colcon_core.package_identification:_identify(src/robot_follow_target) by extensions ['colcon_pkg']
[0.330s] Level 1:colcon.colcon_core.package_identification:_identify(src/robot_follow_target) by extension 'colcon_pkg'
[0.330s] Level 1:colcon.colcon_core.package_identification:_identify(src/robot_follow_target) by extensions ['colcon_meta']
[0.330s] Level 1:colcon.colcon_core.package_identification:_identify(src/robot_follow_target) by extension 'colcon_meta'
[0.330s] Level 1:colcon.colcon_core.package_identification:_identify(src/robot_follow_target) by extensions ['ros']
[0.330s] Level 1:colcon.colcon_core.package_identification:_identify(src/robot_follow_target) by extension 'ros'
[0.331s] DEBUG:colcon.colcon_core.package_identification:Package 'src/robot_follow_target' with type 'ros.ament_python' and name 'robot_follow_target'
[0.331s] Level 1:colcon.colcon_core.package_discovery:discover_packages(recursive) using defaults
[0.331s] Level 1:colcon.colcon_core.package_discovery:discover_packages(ignore) discover
[0.331s] Level 1:colcon.colcon_core.package_discovery:discover_packages(ignore) using defaults
[0.331s] Level 1:colcon.colcon_core.package_discovery:discover_packages(path) discover
[0.331s] Level 1:colcon.colcon_core.package_discovery:discover_packages(path) using defaults
[0.356s] Level 1:colcon.colcon_core.package_discovery:discover_packages(prefix_path) check parameters
[0.356s] Level 1:colcon.colcon_core.package_discovery:discover_packages(prefix_path) discover
[0.360s] DEBUG:colcon.colcon_installed_package_information.package_discovery:Found 282 installed packages in /opt/ros/humble
[0.361s] Level 1:colcon.colcon_core.package_discovery:discover_packages(prefix_path) using defaults
[0.389s] Level 5:colcon.colcon_core.verb:set package 'rc2026_field' build argument 'cmake_args' from command line to 'None'
[0.389s] Level 5:colcon.colcon_core.verb:set package 'rc2026_field' build argument 'cmake_target' from command line to 'None'
[0.389s] Level 5:colcon.colcon_core.verb:set package 'rc2026_field' build argument 'cmake_target_skip_unavailable' from command line to 'False'
[0.389s] Level 5:colcon.colcon_core.verb:set package 'rc2026_field' build argument 'cmake_clean_cache' from command line to 'False'
[0.389s] Level 5:colcon.colcon_core.verb:set package 'rc2026_field' build argument 'cmake_clean_first' from command line to 'False'
[0.389s] Level 5:colcon.colcon_core.verb:set package 'rc2026_field' build argument 'cmake_force_configure' from command line to 'False'
[0.389s] Level 5:colcon.colcon_core.verb:set package 'rc2026_field' build argument 'ament_cmake_args' from command line to 'None'
[0.389s] Level 5:colcon.colcon_core.verb:set package 'rc2026_field' build argument 'catkin_cmake_args' from command line to 'None'
[0.389s] Level 5:colcon.colcon_core.verb:set package 'rc2026_field' build argument 'catkin_skip_building_tests' from command line to 'False'
[0.390s] DEBUG:colcon.colcon_core.verb:Building package 'rc2026_field' with the following arguments: {'ament_cmake_args': None, 'build_base': '/home/straduts/ros2_ws/build/rc2026_field', 'catkin_cmake_args': None, 'catkin_skip_building_tests': False, 'cmake_args': None, 'cmake_clean_cache': False, 'cmake_clean_first': False, 'cmake_force_configure': False, 'cmake_target': None, 'cmake_target_skip_unavailable': False, 'install_base': '/home/straduts/ros2_ws/install/rc2026_field', 'merge_install': False, 'path': '/home/straduts/ros2_ws/src/rc2026_field_hw', 'symlink_install': True, 'test_result_base': None}
[0.390s] Level 5:colcon.colcon_core.verb:set package 'robot_follow_target' build argument 'cmake_args' from command line to 'None'
[0.390s] Level 5:colcon.colcon_core.verb:set package 'robot_follow_target' build argument 'cmake_target' from command line to 'None'
[0.390s] Level 5:colcon.colcon_core.verb:set package 'robot_follow_target' build argument 'cmake_target_skip_unavailable' from command line to 'False'
[0.390s] Level 5:colcon.colcon_core.verb:set package 'robot_follow_target' build argument 'cmake_clean_cache' from command line to 'False'
[0.390s] Level 5:colcon.colcon_core.verb:set package 'robot_follow_target' build argument 'cmake_clean_first' from command line to 'False'
[0.390s] Level 5:colcon.colcon_core.verb:set package 'robot_follow_target' build argument 'cmake_force_configure' from command line to 'False'
[0.390s] Level 5:colcon.colcon_core.verb:set package 'robot_follow_target' build argument 'ament_cmake_args' from command line to 'None'
[0.390s] Level 5:colcon.colcon_core.verb:set package 'robot_follow_target' build argument 'catkin_cmake_args' from command line to 'None'
[0.390s] Level 5:colcon.colcon_core.verb:set package 'robot_follow_target' build argument 'catkin_skip_building_tests' from command line to 'False'
[0.390s] DEBUG:colcon.colcon_core.verb:Building package 'robot_follow_target' with the following arguments: {'ament_cmake_args': None, 'build_base': '/home/straduts/ros2_ws/build/robot_follow_target', 'catkin_cmake_args': None, 'catkin_skip_building_tests': False, 'cmake_args': None, 'cmake_clean_cache': False, 'cmake_clean_first': False, 'cmake_force_configure': False, 'cmake_target': None, 'cmake_target_skip_unavailable': False, 'install_base': '/home/straduts/ros2_ws/install/robot_follow_target', 'merge_install': False, 'path': '/home/straduts/ros2_ws/src/robot_follow_target', 'symlink_install': True, 'test_result_base': None}
[0.390s] INFO:colcon.colcon_core.executor:Executing jobs using 'parallel' executor
[0.391s] DEBUG:colcon.colcon_parallel_executor.executor.parallel:run_until_complete
[0.392s] INFO:colcon.colcon_ros.task.ament_python.build:Building ROS package in '/home/straduts/ros2_ws/src/rc2026_field_hw' with build type 'ament_python'
[0.392s] Level 1:colcon.colcon_core.shell:create_environment_hook('rc2026_field', 'ament_prefix_path')
[0.395s] INFO:colcon.colcon_core.plugin_system:Skipping extension 'colcon_core.shell.bat': Not used on non-Windows systems
[0.395s] INFO:colcon.colcon_core.shell:Creating environment hook '/home/straduts/ros2_ws/install/rc2026_field/share/rc2026_field/hook/ament_prefix_path.ps1'
[0.396s] INFO:colcon.colcon_core.shell:Creating environment descriptor '/home/straduts/ros2_ws/install/rc2026_field/share/rc2026_field/hook/ament_prefix_path.dsv'
[0.397s] INFO:colcon.colcon_core.shell:Creating environment hook '/home/straduts/ros2_ws/install/rc2026_field/share/rc2026_field/hook/ament_prefix_path.sh'
[0.398s] INFO:colcon.colcon_core.shell:Skip shell extension 'powershell' for command environment: Not usable outside of PowerShell
[0.398s] DEBUG:colcon.colcon_core.shell:Skip shell extension 'dsv' for command environment
[0.401s] INFO:colcon.colcon_ros.task.ament_python.build:Building ROS package in '/home/straduts/ros2_ws/src/robot_follow_target' with build type 'ament_python'
[0.402s] Level 1:colcon.colcon_core.shell:create_environment_hook('robot_follow_target', 'ament_prefix_path')
[0.402s] INFO:colcon.colcon_core.shell:Creating environment hook '/home/straduts/ros2_ws/install/robot_follow_target/share/robot_follow_target/hook/ament_prefix_path.ps1'
[0.403s] INFO:colcon.colcon_core.shell:Creating environment descriptor '/home/straduts/ros2_ws/install/robot_follow_target/share/robot_follow_target/hook/ament_prefix_path.dsv'
[0.403s] INFO:colcon.colcon_core.shell:Creating environment hook '/home/straduts/ros2_ws/install/robot_follow_target/share/robot_follow_target/hook/ament_prefix_path.sh'
[0.404s] INFO:colcon.colcon_core.shell:Skip shell extension 'powershell' for command environment: Not usable outside of PowerShell
[0.404s] DEBUG:colcon.colcon_core.shell:Skip shell extension 'dsv' for command environment
[0.588s] WARNING:colcon.colcon_ros.task.ament_python.build:Package 'rc2026_field' doesn't explicitly install a marker in the package index (colcon-ros currently does it implicitly but that fallback will be removed in the future)
[0.588s] INFO:colcon.colcon_core.task.python.build:Building Python package in '/home/straduts/ros2_ws/src/rc2026_field_hw'
[0.588s] INFO:colcon.colcon_core.shell:Skip shell extension 'powershell' for command environment: Not usable outside of PowerShell
[0.588s] DEBUG:colcon.colcon_core.shell:Skip shell extension 'dsv' for command environment
[0.772s] INFO:colcon.colcon_core.task.python.build:Building Python package in '/home/straduts/ros2_ws/src/robot_follow_target'
[0.772s] INFO:colcon.colcon_core.shell:Skip shell extension 'powershell' for command environment: Not usable outside of PowerShell
[0.772s] DEBUG:colcon.colcon_core.shell:Skip shell extension 'dsv' for command environment
[1.146s] DEBUG:colcon.colcon_core.event_handler.log_command:Invoking command in '/home/straduts/ros2_ws/build/rc2026_field': PYTHONPATH=/home/straduts/ros2_ws/build/rc2026_field/prefix_override:/usr/lib/python3/dist-packages/colcon_core/task/python/colcon_distutils_commands:/home/straduts/ros2_ws/install/rc2026_field/lib/python3.10/site-packages:${PYTHONPATH} /usr/bin/python3 -W ignore:setup.py install is deprecated -W ignore:easy_install command is deprecated setup.py develop --editable --build-directory /home/straduts/ros2_ws/build/rc2026_field/build --no-deps symlink_data
[1.352s] DEBUG:colcon.colcon_core.event_handler.log_command:Invoking command in '/home/straduts/ros2_ws/build/robot_follow_target': PYTHONPATH=/home/straduts/ros2_ws/build/robot_follow_target/prefix_override:/usr/lib/python3/dist-packages/colcon_core/task/python/colcon_distutils_commands:/home/straduts/ros2_ws/install/robot_follow_target/lib/python3.10/site-packages:${PYTHONPATH} /usr/bin/python3 -W ignore:setup.py install is deprecated -W ignore:easy_install command is deprecated setup.py develop --editable --build-directory /home/straduts/ros2_ws/build/robot_follow_target/build --no-deps symlink_data
[1.870s] Level 1:colcon.colcon_core.shell:create_environment_hook('rc2026_field', 'pythonpath_develop')
[1.871s] INFO:colcon.colcon_core.shell:Creating environment hook '/home/straduts/ros2_ws/build/rc2026_field/share/rc2026_field/hook/pythonpath_develop.ps1'
[1.873s] INFO:colcon.colcon_core.shell:Creating environment descriptor '/home/straduts/ros2_ws/build/rc2026_field/share/rc2026_field/hook/pythonpath_develop.dsv'
[1.872s] DEBUG:colcon.colcon_core.event_handler.log_command:Invoked command in '/home/straduts/ros2_ws/build/rc2026_field' returned '0': PYTHONPATH=/home/straduts/ros2_ws/build/rc2026_field/prefix_override:/usr/lib/python3/dist-packages/colcon_core/task/python/colcon_distutils_commands:/home/straduts/ros2_ws/install/rc2026_field/lib/python3.10/site-packages:${PYTHONPATH} /usr/bin/python3 -W ignore:setup.py install is deprecated -W ignore:easy_install command is deprecated setup.py develop --editable --build-directory /home/straduts/ros2_ws/build/rc2026_field/build --no-deps symlink_data
[1.874s] INFO:colcon.colcon_core.shell:Creating environment hook '/home/straduts/ros2_ws/build/rc2026_field/share/rc2026_field/hook/pythonpath_develop.sh'
[1.881s] Level 1:colcon.colcon_core.environment:checking '/home/straduts/ros2_ws/install/rc2026_field' for CMake module files
[1.882s] Level 1:colcon.colcon_core.environment:checking '/home/straduts/ros2_ws/install/rc2026_field' for CMake config files
[1.887s] Level 1:colcon.colcon_core.environment:checking '/home/straduts/ros2_ws/install/rc2026_field/lib'
[1.888s] Level 1:colcon.colcon_core.environment:checking '/home/straduts/ros2_ws/install/rc2026_field/bin'
[1.888s] Level 1:colcon.colcon_core.environment:checking '/home/straduts/ros2_ws/install/rc2026_field/lib/pkgconfig/rc2026_field.pc'
[1.888s] Level 1:colcon.colcon_core.environment:checking '/home/straduts/ros2_ws/install/rc2026_field/lib/python3.10/site-packages'
[1.888s] Level 1:colcon.colcon_core.shell:create_environment_hook('rc2026_field', 'pythonpath')
[1.888s] INFO:colcon.colcon_core.shell:Creating environment hook '/home/straduts/ros2_ws/install/rc2026_field/share/rc2026_field/hook/pythonpath.ps1'
[1.889s] INFO:colcon.colcon_core.shell:Creating environment descriptor '/home/straduts/ros2_ws/install/rc2026_field/share/rc2026_field/hook/pythonpath.dsv'
[1.889s] INFO:colcon.colcon_core.shell:Creating environment hook '/home/straduts/ros2_ws/install/rc2026_field/share/rc2026_field/hook/pythonpath.sh'
[1.890s] Level 1:colcon.colcon_core.environment:checking '/home/straduts/ros2_ws/install/rc2026_field/bin'
[1.890s] Level 1:colcon.colcon_core.environment:create_environment_scripts_only(rc2026_field)
[1.891s] INFO:colcon.colcon_core.shell:Creating package script '/home/straduts/ros2_ws/install/rc2026_field/share/rc2026_field/package.ps1'
[1.892s] INFO:colcon.colcon_core.shell:Creating package descriptor '/home/straduts/ros2_ws/install/rc2026_field/share/rc2026_field/package.dsv'
[1.893s] INFO:colcon.colcon_core.shell:Creating package script '/home/straduts/ros2_ws/install/rc2026_field/share/rc2026_field/package.sh'
[1.894s] INFO:colcon.colcon_core.shell:Creating package script '/home/straduts/ros2_ws/install/rc2026_field/share/rc2026_field/package.bash'
[1.895s] INFO:colcon.colcon_core.shell:Creating package script '/home/straduts/ros2_ws/install/rc2026_field/share/rc2026_field/package.zsh'
[1.896s] Level 1:colcon.colcon_core.environment:create_file_with_runtime_dependencies(/home/straduts/ros2_ws/install/rc2026_field/share/colcon-core/packages/rc2026_field)
[2.105s] Level 1:colcon.colcon_core.shell:create_environment_hook('robot_follow_target', 'pythonpath_develop')
[2.106s] INFO:colcon.colcon_core.shell:Creating environment hook '/home/straduts/ros2_ws/build/robot_follow_target/share/robot_follow_target/hook/pythonpath_develop.ps1'
[2.107s] DEBUG:colcon.colcon_core.event_handler.log_command:Invoked command in '/home/straduts/ros2_ws/build/robot_follow_target' returned '0': PYTHONPATH=/home/straduts/ros2_ws/build/robot_follow_target/prefix_override:/usr/lib/python3/dist-packages/colcon_core/task/python/colcon_distutils_commands:/home/straduts/ros2_ws/install/robot_follow_target/lib/python3.10/site-packages:${PYTHONPATH} /usr/bin/python3 -W ignore:setup.py install is deprecated -W ignore:easy_install command is deprecated setup.py develop --editable --build-directory /home/straduts/ros2_ws/build/robot_follow_target/build --no-deps symlink_data
[2.107s] INFO:colcon.colcon_core.shell:Creating environment descriptor '/home/straduts/ros2_ws/build/robot_follow_target/share/robot_follow_target/hook/pythonpath_develop.dsv'
[2.107s] INFO:colcon.colcon_core.shell:Creating environment hook '/home/straduts/ros2_ws/build/robot_follow_target/share/robot_follow_target/hook/pythonpath_develop.sh'
[2.108s] Level 1:colcon.colcon_core.environment:checking '/home/straduts/ros2_ws/install/robot_follow_target' for CMake module files
[2.109s] Level 1:colcon.colcon_core.environment:checking '/home/straduts/ros2_ws/install/robot_follow_target' for CMake config files
[2.112s] Level 1:colcon.colcon_core.environment:checking '/home/straduts/ros2_ws/install/robot_follow_target/lib'
[2.112s] Level 1:colcon.colcon_core.environment:checking '/home/straduts/ros2_ws/install/robot_follow_target/bin'
[2.112s] Level 1:colcon.colcon_core.environment:checking '/home/straduts/ros2_ws/install/robot_follow_target/lib/pkgconfig/robot_follow_target.pc'
[2.113s] Level 1:colcon.colcon_core.environment:checking '/home/straduts/ros2_ws/install/robot_follow_target/lib/python3.10/site-packages'
[2.113s] Level 1:colcon.colcon_core.shell:create_environment_hook('robot_follow_target', 'pythonpath')
[2.113s] INFO:colcon.colcon_core.shell:Creating environment hook '/home/straduts/ros2_ws/install/robot_follow_target/share/robot_follow_target/hook/pythonpath.ps1'
[2.113s] INFO:colcon.colcon_core.shell:Creating environment descriptor '/home/straduts/ros2_ws/install/robot_follow_target/share/robot_follow_target/hook/pythonpath.dsv'
[2.114s] INFO:colcon.colcon_core.shell:Creating environment hook '/home/straduts/ros2_ws/install/robot_follow_target/share/robot_follow_target/hook/pythonpath.sh'
[2.115s] Level 1:colcon.colcon_core.environment:checking '/home/straduts/ros2_ws/install/robot_follow_target/bin'
[2.115s] Level 1:colcon.colcon_core.environment:create_environment_scripts_only(robot_follow_target)
[2.115s] INFO:colcon.colcon_core.shell:Creating package script '/home/straduts/ros2_ws/install/robot_follow_target/share/robot_follow_target/package.ps1'
[2.116s] INFO:colcon.colcon_core.shell:Creating package descriptor '/home/straduts/ros2_ws/install/robot_follow_target/share/robot_follow_target/package.dsv'
[2.116s] INFO:colcon.colcon_core.shell:Creating package script '/home/straduts/ros2_ws/install/robot_follow_target/share/robot_follow_target/package.sh'
[2.117s] INFO:colcon.colcon_core.shell:Creating package script '/home/straduts/ros2_ws/install/robot_follow_target/share/robot_follow_target/package.bash'
[2.118s] INFO:colcon.colcon_core.shell:Creating package script '/home/straduts/ros2_ws/install/robot_follow_target/share/robot_follow_target/package.zsh'
[2.119s] Level 1:colcon.colcon_core.environment:create_file_with_runtime_dependencies(/home/straduts/ros2_ws/install/robot_follow_target/share/colcon-core/packages/robot_follow_target)
[2.119s] DEBUG:colcon.colcon_parallel_executor.executor.parallel:closing loop
[2.120s] DEBUG:colcon.colcon_parallel_executor.executor.parallel:loop closed
[2.120s] DEBUG:colcon.colcon_parallel_executor.executor.parallel:run_until_complete finished with '0'
[2.120s] DEBUG:colcon.colcon_core.event_reactor:joining thread
[2.135s] INFO:colcon.colcon_core.plugin_system:Skipping extension 'colcon_notification.desktop_notification.terminal_notifier': Not used on non-Darwin systems
[2.135s] INFO:colcon.colcon_core.plugin_system:Skipping extension 'colcon_notification.desktop_notification.win32': Not used on non-Windows systems
[2.135s] INFO:colcon.colcon_notification.desktop_notification:Sending desktop notification using 'notify2'
[2.157s] DEBUG:colcon.colcon_core.event_reactor:joined thread
[2.157s] INFO:colcon.colcon_core.shell:Creating prefix script '/home/straduts/ros2_ws/install/local_setup.ps1'
[2.160s] INFO:colcon.colcon_core.shell:Creating prefix util module '/home/straduts/ros2_ws/install/_local_setup_util_ps1.py'
[2.162s] INFO:colcon.colcon_core.shell:Creating prefix chain script '/home/straduts/ros2_ws/install/setup.ps1'
[2.164s] INFO:colcon.colcon_core.shell:Creating prefix script '/home/straduts/ros2_ws/install/local_setup.sh'
[2.165s] INFO:colcon.colcon_core.shell:Creating prefix util module '/home/straduts/ros2_ws/install/_local_setup_util_sh.py'
[2.167s] INFO:colcon.colcon_core.shell:Creating prefix chain script '/home/straduts/ros2_ws/install/setup.sh'
[2.170s] INFO:colcon.colcon_core.shell:Creating prefix script '/home/straduts/ros2_ws/install/local_setup.bash'
[2.171s] INFO:colcon.colcon_core.shell:Creating prefix chain script '/home/straduts/ros2_ws/install/setup.bash'
[2.173s] INFO:colcon.colcon_core.shell:Creating prefix script '/home/straduts/ros2_ws/install/local_setup.zsh'
[2.174s] INFO:colcon.colcon_core.shell:Creating prefix chain script '/home/straduts/ros2_ws/install/setup.zsh'
