[0.180s] DEBUG:colcon:Command line arguments: ['/usr/bin/colcon', 'build', '--symlink-install', '--packages-select', 'rc2026_field', 'robot_follow_target']
[0.180s] DEBUG:colcon:Parsed command line arguments: Namespace(log_base=None, log_level=None, verb_name='build', build_base='build', install_base='install', merge_install=False, symlink_install=True, test_result_base=None, continue_on_error=False, executor='parallel', parallel_workers=2, event_handlers=None, ignore_user_meta=False, metas=['./colcon.meta'], base_paths=['.'], packages_ignore=None, packages_ignore_regex=None, paths=None, packages_up_to=None, packages_up_to_regex=None, packages_above=None, packages_above_and_dependencies=None, packages_above_depth=None, packages_select_by_dep=None, packages_skip_by_dep=None, packages_skip_up_to=None, packages_select_build_failed=False, packages_skip_build_finished=False, packages_select_test_failures=False, packages_skip_test_passed=False, packages_select=['rc2026_field', 'robot_follow_target'], packages_skip=None, packages_select_regex=None, packages_skip_regex=None, packages_start=None, packages_end=None, allow_overriding=[], cmake_args=None, cmake_target=None, cmake_target_skip_unavailable=False, cmake_clean_cache=False, cmake_clean_first=False, cmake_force_configure=False, ament_cmake_args=None, catkin_cmake_args=None, catkin_skip_building_tests=False, verb_parser=<colcon_defaults.argument_parser.defaults.DefaultArgumentsDecorator object at 0x76548191f580>, verb_extension=<colcon_core.verb.build.BuildVerb object at 0x76548191f070>, main=<bound method BuildVerb.main of <colcon_core.verb.build.BuildVerb object at 0x76548191f070>>)
[0.424s] Level 1:colcon.colcon_core.package_discovery:discover_packages(colcon_meta) check parameters
[0.424s] Level 1:colcon.colcon_core.package_discovery:discover_packages(recursive) check parameters
[0.424s] Level 1:colcon.colcon_core.package_discovery:discover_packages(ignore) check parameters
[0.424s] Level 1:colcon.colcon_core.package_discovery:discover_packages(path) check parameters
[0.424s] Level 1:colcon.colcon_core.package_discovery:discover_packages(colcon_meta) discover
[0.425s] Level 1:colcon.colcon_core.package_discovery:discover_packages(recursive) discover
[0.425s] INFO:colcon.colcon_core.package_discovery:Crawling recursively for packages in '/home/straduts/ros2_ws'
[0.425s] Level 1:colcon.colcon_core.package_identification:_identify(.) by extensions ['ignore', 'ignore_ament_install']
[0.425s] Level 1:colcon.colcon_core.package_identification:_identify(.) by extension 'ignore'
[0.425s] Level 1:colcon.colcon_core.package_identification:_identify(.) by extension 'ignore_ament_install'
[0.425s] Level 1:colcon.colcon_core.package_identification:_identify(.) by extensions ['colcon_pkg']
[0.425s] Level 1:colcon.colcon_core.package_identification:_identify(.) by extension 'colcon_pkg'
[0.425s] Level 1:colcon.colcon_core.package_identification:_identify(.) by extensions ['colcon_meta']
[0.425s] Level 1:colcon.colcon_core.package_identification:_identify(.) by extension 'colcon_meta'
[0.425s] Level 1:colcon.colcon_core.package_identification:_identify(.) by extensions ['ros']
[0.425s] Level 1:colcon.colcon_core.package_identification:_identify(.) by extension 'ros'
[0.438s] Level 1:colcon.colcon_core.package_identification:_identify(.) by extensions ['cmake', 'python']
[0.438s] Level 1:colcon.colcon_core.package_identification:_identify(.) by extension 'cmake'
[0.438s] Level 1:colcon.colcon_core.package_identification:_identify(.) by extension 'python'
[0.438s] Level 1:colcon.colcon_core.package_identification:_identify(.) by extensions ['python_setup_py']
[0.438s] Level 1:colcon.colcon_core.package_identification:_identify(.) by extension 'python_setup_py'
[0.439s] Level 1:colcon.colcon_core.package_identification:_identify(build) by extensions ['ignore', 'ignore_ament_install']
[0.439s] Level 1:colcon.colcon_core.package_identification:_identify(build) by extension 'ignore'
[0.439s] Level 1:colcon.colcon_core.package_identification:_identify(build) ignored
[0.439s] Level 1:colcon.colcon_core.package_identification:_identify(install) by extensions ['ignore', 'ignore_ament_install']
[0.439s] Level 1:colcon.colcon_core.package_identification:_identify(install) by extension 'ignore'
[0.439s] Level 1:colcon.colcon_core.package_identification:_identify(install) ignored
[0.439s] Level 1:colcon.colcon_core.package_identification:_identify(log) by extensions ['ignore', 'ignore_ament_install']
[0.439s] Level 1:colcon.colcon_core.package_identification:_identify(log) by extension 'ignore'
[0.439s] Level 1:colcon.colcon_core.package_identification:_identify(log) ignored
[0.439s] Level 1:colcon.colcon_core.package_identification:_identify(src) by extensions ['ignore', 'ignore_ament_install']
[0.439s] Level 1:colcon.colcon_core.package_identification:_identify(src) by extension 'ignore'
[0.439s] Level 1:colcon.colcon_core.package_identification:_identify(src) by extension 'ignore_ament_install'
[0.439s] Level 1:colcon.colcon_core.package_identification:_identify(src) by extensions ['colcon_pkg']
[0.439s] Level 1:colcon.colcon_core.package_identification:_identify(src) by extension 'colcon_pkg'
[0.440s] Level 1:colcon.colcon_core.package_identification:_identify(src) by extensions ['colcon_meta']
[0.440s] Level 1:colcon.colcon_core.package_identification:_identify(src) by extension 'colcon_meta'
[0.440s] Level 1:colcon.colcon_core.package_identification:_identify(src) by extensions ['ros']
[0.440s] Level 1:colcon.colcon_core.package_identification:_identify(src) by extension 'ros'
[0.440s] Level 1:colcon.colcon_core.package_identification:_identify(src) by extensions ['cmake', 'python']
[0.440s] Level 1:colcon.colcon_core.package_identification:_identify(src) by extension 'cmake'
[0.440s] Level 1:colcon.colcon_core.package_identification:_identify(src) by extension 'python'
[0.440s] Level 1:colcon.colcon_core.package_identification:_identify(src) by extensions ['python_setup_py']
[0.440s] Level 1:colcon.colcon_core.package_identification:_identify(src) by extension 'python_setup_py'
[0.440s] Level 1:colcon.colcon_core.package_identification:_identify(src/rc2026_field_hw) by extensions ['ignore', 'ignore_ament_install']
[0.440s] Level 1:colcon.colcon_core.package_identification:_identify(src/rc2026_field_hw) by extension 'ignore'
[0.440s] Level 1:colcon.colcon_core.package_identification:_identify(src/rc2026_field_hw) by extension 'ignore_ament_install'
[0.440s] Level 1:colcon.colcon_core.package_identification:_identify(src/rc2026_field_hw) by extensions ['colcon_pkg']
[0.440s] Level 1:colcon.colcon_core.package_identification:_identify(src/rc2026_field_hw) by extension 'colcon_pkg'
[0.440s] Level 1:colcon.colcon_core.package_identification:_identify(src/rc2026_field_hw) by extensions ['colcon_meta']
[0.440s] Level 1:colcon.colcon_core.package_identification:_identify(src/rc2026_field_hw) by extension 'colcon_meta'
[0.440s] Level 1:colcon.colcon_core.package_identification:_identify(src/rc2026_field_hw) by extensions ['ros']
[0.440s] Level 1:colcon.colcon_core.package_identification:_identify(src/rc2026_field_hw) by extension 'ros'
[0.443s] DEBUG:colcon.colcon_core.package_identification:Package 'src/rc2026_field_hw' with type 'ros.ament_python' and name 'rc2026_field'
[0.443s] Level 1:colcon.colcon_core.package_identification:_identify(src/robot_follow_target) by extensions ['ignore', 'ignore_ament_install']
[0.443s] Level 1:colcon.colcon_core.package_identification:_identify(src/robot_follow_target) by extension 'ignore'
[0.443s] Level 1:colcon.colcon_core.package_identification:_identify(src/robot_follow_target) by extension 'ignore_ament_install'
[0.443s] Level 1:colcon.colcon_core.package_identification:_identify(src/robot_follow_target) by extensions ['colcon_pkg']
[0.443s] Level 1:colcon.colcon_core.package_identification:_identify(src/robot_follow_target) by extension 'colcon_pkg'
[0.443s] Level 1:colcon.colcon_core.package_identification:_identify(src/robot_follow_target) by extensions ['colcon_meta']
[0.443s] Level 1:colcon.colcon_core.package_identification:_identify(src/robot_follow_target) by extension 'colcon_meta'
[0.444s] Level 1:colcon.colcon_core.package_identification:_identify(src/robot_follow_target) by extensions ['ros']
[0.444s] Level 1:colcon.colcon_core.package_identification:_identify(src/robot_follow_target) by extension 'ros'
[0.444s] DEBUG:colcon.colcon_core.package_identification:Package 'src/robot_follow_target' with type 'ros.ament_python' and name 'robot_follow_target'
[0.444s] Level 1:colcon.colcon_core.package_discovery:discover_packages(recursive) using defaults
[0.444s] Level 1:colcon.colcon_core.package_discovery:discover_packages(ignore) discover
[0.444s] Level 1:colcon.colcon_core.package_discovery:discover_packages(ignore) using defaults
[0.444s] Level 1:colcon.colcon_core.package_discovery:discover_packages(path) discover
[0.444s] Level 1:colcon.colcon_core.package_discovery:discover_packages(path) using defaults
[0.473s] Level 1:colcon.colcon_core.package_discovery:discover_packages(prefix_path) check parameters
[0.473s] Level 1:colcon.colcon_core.package_discovery:discover_packages(prefix_path) discover
[0.477s] DEBUG:colcon.colcon_installed_package_information.package_discovery:Found 278 installed packages in /opt/ros/humble
[0.484s] Level 1:colcon.colcon_core.package_discovery:discover_packages(prefix_path) using defaults
[0.514s] Level 5:colcon.colcon_core.verb:set package 'rc2026_field' build argument 'cmake_args' from command line to 'None'
[0.514s] Level 5:colcon.colcon_core.verb:set package 'rc2026_field' build argument 'cmake_target' from command line to 'None'
[0.514s] Level 5:colcon.colcon_core.verb:set package 'rc2026_field' build argument 'cmake_target_skip_unavailable' from command line to 'False'
[0.514s] Level 5:colcon.colcon_core.verb:set package 'rc2026_field' build argument 'cmake_clean_cache' from command line to 'False'
[0.514s] Level 5:colcon.colcon_core.verb:set package 'rc2026_field' build argument 'cmake_clean_first' from command line to 'False'
[0.514s] Level 5:colcon.colcon_core.verb:set package 'rc2026_field' build argument 'cmake_force_configure' from command line to 'False'
[0.514s] Level 5:colcon.colcon_core.verb:set package 'rc2026_field' build argument 'ament_cmake_args' from command line to 'None'
[0.514s] Level 5:colcon.colcon_core.verb:set package 'rc2026_field' build argument 'catkin_cmake_args' from command line to 'None'
[0.514s] Level 5:colcon.colcon_core.verb:set package 'rc2026_field' build argument 'catkin_skip_building_tests' from command line to 'False'
[0.514s] DEBUG:colcon.colcon_core.verb:Building package 'rc2026_field' with the following arguments: {'ament_cmake_args': None, 'build_base': '/home/straduts/ros2_ws/build/rc2026_field', 'catkin_cmake_args': None, 'catkin_skip_building_tests': False, 'cmake_args': None, 'cmake_clean_cache': False, 'cmake_clean_first': False, 'cmake_force_configure': False, 'cmake_target': None, 'cmake_target_skip_unavailable': False, 'install_base': '/home/straduts/ros2_ws/install/rc2026_field', 'merge_install': False, 'path': '/home/straduts/ros2_ws/src/rc2026_field_hw', 'symlink_install': True, 'test_result_base': None}
[0.514s] Level 5:colcon.colcon_core.verb:set package 'robot_follow_target' build argument 'cmake_args' from command line to 'None'
[0.514s] Level 5:colcon.colcon_core.verb:set package 'robot_follow_target' build argument 'cmake_target' from command line to 'None'
[0.515s] Level 5:colcon.colcon_core.verb:set package 'robot_follow_target' build argument 'cmake_target_skip_unavailable' from command line to 'False'
[0.515s] Level 5:colcon.colcon_core.verb:set package 'robot_follow_target' build argument 'cmake_clean_cache' from command line to 'False'
[0.515s] Level 5:colcon.colcon_core.verb:set package 'robot_follow_target' build argument 'cmake_clean_first' from command line to 'False'
[0.515s] Level 5:colcon.colcon_core.verb:set package 'robot_follow_target' build argument 'cmake_force_configure' from command line to 'False'
[0.515s] Level 5:colcon.colcon_core.verb:set package 'robot_follow_target' build argument 'ament_cmake_args' from command line to 'None'
[0.515s] Level 5:colcon.colcon_core.verb:set package 'robot_follow_target' build argument 'catkin_cmake_args' from command line to 'None'
[0.515s] Level 5:colcon.colcon_core.verb:set package 'robot_follow_target' build argument 'catkin_skip_building_tests' from command line to 'False'
[0.515s] DEBUG:colcon.colcon_core.verb:Building package 'robot_follow_target' with the following arguments: {'ament_cmake_args': None, 'build_base': '/home/straduts/ros2_ws/build/robot_follow_target', 'catkin_cmake_args': None, 'catkin_skip_building_tests': False, 'cmake_args': None, 'cmake_clean_cache': False, 'cmake_clean_first': False, 'cmake_force_configure': False, 'cmake_target': None, 'cmake_target_skip_unavailable': False, 'install_base': '/home/straduts/ros2_ws/install/robot_follow_target', 'merge_install': False, 'path': '/home/straduts/ros2_ws/src/robot_follow_target', 'symlink_install': True, 'test_result_base': None}
[0.515s] INFO:colcon.colcon_core.executor:Executing jobs using 'parallel' executor
[0.516s] DEBUG:colcon.colcon_parallel_executor.executor.parallel:run_until_complete
[0.516s] INFO:colcon.colcon_ros.task.ament_python.build:Building ROS package in '/home/straduts/ros2_ws/src/rc2026_field_hw' with build type 'ament_python'
[0.516s] Level 1:colcon.colcon_core.shell:create_environment_hook('rc2026_field', 'ament_prefix_path')
[0.524s] INFO:colcon.colcon_core.plugin_system:Skipping extension 'colcon_core.shell.bat': Not used on non-Windows systems
[0.524s] INFO:colcon.colcon_core.shell:Creating environment hook '/home/straduts/ros2_ws/install/rc2026_field/share/rc2026_field/hook/ament_prefix_path.ps1'
[0.525s] INFO:colcon.colcon_core.shell:Creating environment descriptor '/home/straduts/ros2_ws/install/rc2026_field/share/rc2026_field/hook/ament_prefix_path.dsv'
[0.526s] INFO:colcon.colcon_core.shell:Creating environment hook '/home/straduts/ros2_ws/install/rc2026_field/share/rc2026_field/hook/ament_prefix_path.sh'
[0.527s] INFO:colcon.colcon_core.shell:Skip shell extension 'powershell' for command environment: Not usable outside of PowerShell
[0.527s] DEBUG:colcon.colcon_core.shell:Skip shell extension 'dsv' for command environment
[0.531s] INFO:colcon.colcon_ros.task.ament_python.build:Building ROS package in '/home/straduts/ros2_ws/src/robot_follow_target' with build type 'ament_python'
[0.531s] Level 1:colcon.colcon_core.shell:create_environment_hook('robot_follow_target', 'ament_prefix_path')
[0.531s] INFO:colcon.colcon_core.shell:Creating environment hook '/home/straduts/ros2_ws/install/robot_follow_target/share/robot_follow_target/hook/ament_prefix_path.ps1'
[0.532s] INFO:colcon.colcon_core.shell:Creating environment descriptor '/home/straduts/ros2_ws/install/robot_follow_target/share/robot_follow_target/hook/ament_prefix_path.dsv'
[0.532s] INFO:colcon.colcon_core.shell:Creating environment hook '/home/straduts/ros2_ws/install/robot_follow_target/share/robot_follow_target/hook/ament_prefix_path.sh'
[0.533s] INFO:colcon.colcon_core.shell:Skip shell extension 'powershell' for command environment: Not usable outside of PowerShell
[0.533s] DEBUG:colcon.colcon_core.shell:Skip shell extension 'dsv' for command environment
[0.731s] WARNING:colcon.colcon_ros.task.ament_python.build:Package 'rc2026_field' doesn't explicitly install a marker in the package index (colcon-ros currently does it implicitly but that fallback will be removed in the future)
[0.731s] INFO:colcon.colcon_core.task.python.build:Building Python package in '/home/straduts/ros2_ws/src/rc2026_field_hw'
[0.731s] INFO:colcon.colcon_core.shell:Skip shell extension 'powershell' for command environment: Not usable outside of PowerShell
[0.731s] DEBUG:colcon.colcon_core.shell:Skip shell extension 'dsv' for command environment
[0.949s] INFO:colcon.colcon_core.task.python.build:Building Python package in '/home/straduts/ros2_ws/src/robot_follow_target'
[0.949s] INFO:colcon.colcon_core.shell:Skip shell extension 'powershell' for command environment: Not usable outside of PowerShell
[0.949s] DEBUG:colcon.colcon_core.shell:Skip shell extension 'dsv' for command environment
[1.324s] DEBUG:colcon.colcon_core.task.python.build:While undoing a previous installation files outside the Python library path are being ignored: /home/straduts/ros2_ws/install/robot_follow_target/share/ament_index/resource_index/packages/robot_follow_target
[1.324s] DEBUG:colcon.colcon_core.task.python.build:While undoing a previous installation files outside the Python library path are being ignored: /home/straduts/ros2_ws/install/robot_follow_target/share/robot_follow_target/package.xml
[1.324s] DEBUG:colcon.colcon_core.task.python.build:While undoing a previous installation files outside the Python library path are being ignored: /home/straduts/ros2_ws/install/robot_follow_target/share/robot_follow_target/config/follow_params.yaml
[1.324s] DEBUG:colcon.colcon_core.task.python.build:While undoing a previous installation files outside the Python library path are being ignored: /home/straduts/ros2_ws/install/robot_follow_target/share/robot_follow_target/launch/gazebo_load_both.launch.py
[1.324s] DEBUG:colcon.colcon_core.task.python.build:While undoing a previous installation files outside the Python library path are being ignored: /home/straduts/ros2_ws/install/robot_follow_target/lib/robot_follow_target/camera_processor
[1.324s] DEBUG:colcon.colcon_core.task.python.build:While undoing a previous installation files outside the Python library path are being ignored: /home/straduts/ros2_ws/install/robot_follow_target/lib/robot_follow_target/follow_controller
[1.326s] DEBUG:colcon.colcon_core.event_handler.log_command:Invoking command in '/home/straduts/ros2_ws/build/robot_follow_target': PYTHONPATH=/home/straduts/ros2_ws/build/robot_follow_target/prefix_override:/usr/lib/python3/dist-packages/colcon_core/task/python/colcon_distutils_commands:/home/straduts/ros2_ws/install/robot_follow_target/lib/python3.10/site-packages:${PYTHONPATH} /usr/bin/python3 -W ignore:setup.py install is deprecated -W ignore:easy_install command is deprecated setup.py develop --editable --build-directory /home/straduts/ros2_ws/build/robot_follow_target/build --no-deps symlink_data --force
[1.341s] DEBUG:colcon.colcon_core.event_handler.log_command:Invoking command in '/home/straduts/ros2_ws/build/rc2026_field': PYTHONPATH=/home/straduts/ros2_ws/build/rc2026_field/prefix_override:/usr/lib/python3/dist-packages/colcon_core/task/python/colcon_distutils_commands:/home/straduts/ros2_ws/install/rc2026_field/lib/python3.10/site-packages:${PYTHONPATH} /usr/bin/python3 -W ignore:setup.py install is deprecated -W ignore:easy_install command is deprecated setup.py develop --editable --build-directory /home/straduts/ros2_ws/build/rc2026_field/build --no-deps symlink_data
[1.815s] Level 1:colcon.colcon_core.shell:create_environment_hook('rc2026_field', 'pythonpath_develop')
[1.815s] INFO:colcon.colcon_core.shell:Creating environment hook '/home/straduts/ros2_ws/build/rc2026_field/share/rc2026_field/hook/pythonpath_develop.ps1'
[1.816s] INFO:colcon.colcon_core.shell:Creating environment descriptor '/home/straduts/ros2_ws/build/rc2026_field/share/rc2026_field/hook/pythonpath_develop.dsv'
[1.817s] DEBUG:colcon.colcon_core.event_handler.log_command:Invoked command in '/home/straduts/ros2_ws/build/rc2026_field' returned '0': PYTHONPATH=/home/straduts/ros2_ws/build/rc2026_field/prefix_override:/usr/lib/python3/dist-packages/colcon_core/task/python/colcon_distutils_commands:/home/straduts/ros2_ws/install/rc2026_field/lib/python3.10/site-packages:${PYTHONPATH} /usr/bin/python3 -W ignore:setup.py install is deprecated -W ignore:easy_install command is deprecated setup.py develop --editable --build-directory /home/straduts/ros2_ws/build/rc2026_field/build --no-deps symlink_data
[1.817s] INFO:colcon.colcon_core.shell:Creating environment hook '/home/straduts/ros2_ws/build/rc2026_field/share/rc2026_field/hook/pythonpath_develop.sh'
[1.831s] Level 1:colcon.colcon_core.environment:checking '/home/straduts/ros2_ws/install/rc2026_field' for CMake module files
[1.832s] Level 1:colcon.colcon_core.environment:checking '/home/straduts/ros2_ws/install/rc2026_field' for CMake config files
[1.838s] Level 1:colcon.colcon_core.environment:checking '/home/straduts/ros2_ws/install/rc2026_field/lib'
[1.839s] Level 1:colcon.colcon_core.environment:checking '/home/straduts/ros2_ws/install/rc2026_field/bin'
[1.839s] Level 1:colcon.colcon_core.environment:checking '/home/straduts/ros2_ws/install/rc2026_field/lib/pkgconfig/rc2026_field.pc'
[1.839s] Level 1:colcon.colcon_core.environment:checking '/home/straduts/ros2_ws/install/rc2026_field/lib/python3.10/site-packages'
[1.839s] Level 1:colcon.colcon_core.shell:create_environment_hook('rc2026_field', 'pythonpath')
[1.839s] INFO:colcon.colcon_core.shell:Creating environment hook '/home/straduts/ros2_ws/install/rc2026_field/share/rc2026_field/hook/pythonpath.ps1'
[1.840s] INFO:colcon.colcon_core.shell:Creating environment descriptor '/home/straduts/ros2_ws/install/rc2026_field/share/rc2026_field/hook/pythonpath.dsv'
[1.840s] INFO:colcon.colcon_core.shell:Creating environment hook '/home/straduts/ros2_ws/install/rc2026_field/share/rc2026_field/hook/pythonpath.sh'
[1.841s] Level 1:colcon.colcon_core.environment:checking '/home/straduts/ros2_ws/install/rc2026_field/bin'
[1.841s] Level 1:colcon.colcon_core.environment:create_environment_scripts_only(rc2026_field)
[1.842s] INFO:colcon.colcon_core.shell:Creating package script '/home/straduts/ros2_ws/install/rc2026_field/share/rc2026_field/package.ps1'
[1.843s] INFO:colcon.colcon_core.shell:Creating package descriptor '/home/straduts/ros2_ws/install/rc2026_field/share/rc2026_field/package.dsv'
[1.844s] INFO:colcon.colcon_core.shell:Creating package script '/home/straduts/ros2_ws/install/rc2026_field/share/rc2026_field/package.sh'
[1.845s] INFO:colcon.colcon_core.shell:Creating package script '/home/straduts/ros2_ws/install/rc2026_field/share/rc2026_field/package.bash'
[1.846s] INFO:colcon.colcon_core.shell:Creating package script '/home/straduts/ros2_ws/install/rc2026_field/share/rc2026_field/package.zsh'
[1.848s] Level 1:colcon.colcon_core.environment:create_file_with_runtime_dependencies(/home/straduts/ros2_ws/install/rc2026_field/share/colcon-core/packages/rc2026_field)
[1.871s] Level 1:colcon.colcon_core.shell:create_environment_hook('robot_follow_target', 'pythonpath_develop')
[1.872s] INFO:colcon.colcon_core.shell:Creating environment hook '/home/straduts/ros2_ws/build/robot_follow_target/share/robot_follow_target/hook/pythonpath_develop.ps1'
[1.872s] DEBUG:colcon.colcon_core.event_handler.log_command:Invoked command in '/home/straduts/ros2_ws/build/robot_follow_target' returned '0': PYTHONPATH=/home/straduts/ros2_ws/build/robot_follow_target/prefix_override:/usr/lib/python3/dist-packages/colcon_core/task/python/colcon_distutils_commands:/home/straduts/ros2_ws/install/robot_follow_target/lib/python3.10/site-packages:${PYTHONPATH} /usr/bin/python3 -W ignore:setup.py install is deprecated -W ignore:easy_install command is deprecated setup.py develop --editable --build-directory /home/straduts/ros2_ws/build/robot_follow_target/build --no-deps symlink_data --force
[1.873s] INFO:colcon.colcon_core.shell:Creating environment descriptor '/home/straduts/ros2_ws/build/robot_follow_target/share/robot_follow_target/hook/pythonpath_develop.dsv'
[1.873s] INFO:colcon.colcon_core.shell:Creating environment hook '/home/straduts/ros2_ws/build/robot_follow_target/share/robot_follow_target/hook/pythonpath_develop.sh'
[1.874s] Level 1:colcon.colcon_core.environment:checking '/home/straduts/ros2_ws/install/robot_follow_target' for CMake module files
[1.875s] Level 1:colcon.colcon_core.environment:checking '/home/straduts/ros2_ws/install/robot_follow_target' for CMake config files
[1.878s] Level 1:colcon.colcon_core.environment:checking '/home/straduts/ros2_ws/install/robot_follow_target/lib'
[1.878s] Level 1:colcon.colcon_core.environment:checking '/home/straduts/ros2_ws/install/robot_follow_target/bin'
[1.878s] Level 1:colcon.colcon_core.environment:checking '/home/straduts/ros2_ws/install/robot_follow_target/lib/pkgconfig/robot_follow_target.pc'
[1.878s] Level 1:colcon.colcon_core.environment:checking '/home/straduts/ros2_ws/install/robot_follow_target/lib/python3.10/site-packages'
[1.878s] Level 1:colcon.colcon_core.shell:create_environment_hook('robot_follow_target', 'pythonpath')
[1.878s] INFO:colcon.colcon_core.shell:Creating environment hook '/home/straduts/ros2_ws/install/robot_follow_target/share/robot_follow_target/hook/pythonpath.ps1'
[1.879s] INFO:colcon.colcon_core.shell:Creating environment descriptor '/home/straduts/ros2_ws/install/robot_follow_target/share/robot_follow_target/hook/pythonpath.dsv'
[1.879s] INFO:colcon.colcon_core.shell:Creating environment hook '/home/straduts/ros2_ws/install/robot_follow_target/share/robot_follow_target/hook/pythonpath.sh'
[1.880s] Level 1:colcon.colcon_core.environment:checking '/home/straduts/ros2_ws/install/robot_follow_target/bin'
[1.880s] Level 1:colcon.colcon_core.environment:create_environment_scripts_only(robot_follow_target)
[1.881s] INFO:colcon.colcon_core.shell:Creating package script '/home/straduts/ros2_ws/install/robot_follow_target/share/robot_follow_target/package.ps1'
[1.882s] INFO:colcon.colcon_core.shell:Creating package descriptor '/home/straduts/ros2_ws/install/robot_follow_target/share/robot_follow_target/package.dsv'
[1.882s] INFO:colcon.colcon_core.shell:Creating package script '/home/straduts/ros2_ws/install/robot_follow_target/share/robot_follow_target/package.sh'
[1.883s] INFO:colcon.colcon_core.shell:Creating package script '/home/straduts/ros2_ws/install/robot_follow_target/share/robot_follow_target/package.bash'
[1.883s] INFO:colcon.colcon_core.shell:Creating package script '/home/straduts/ros2_ws/install/robot_follow_target/share/robot_follow_target/package.zsh'
[1.884s] Level 1:colcon.colcon_core.environment:create_file_with_runtime_dependencies(/home/straduts/ros2_ws/install/robot_follow_target/share/colcon-core/packages/robot_follow_target)
[1.884s] DEBUG:colcon.colcon_parallel_executor.executor.parallel:closing loop
[1.884s] DEBUG:colcon.colcon_parallel_executor.executor.parallel:loop closed
[1.884s] DEBUG:colcon.colcon_parallel_executor.executor.parallel:run_until_complete finished with '0'
[1.885s] DEBUG:colcon.colcon_core.event_reactor:joining thread
[1.900s] INFO:colcon.colcon_core.plugin_system:Skipping extension 'colcon_notification.desktop_notification.terminal_notifier': Not used on non-Darwin systems
[1.901s] INFO:colcon.colcon_core.plugin_system:Skipping extension 'colcon_notification.desktop_notification.win32': Not used on non-Windows systems
[1.901s] INFO:colcon.colcon_notification.desktop_notification:Sending desktop notification using 'notify2'
[1.968s] DEBUG:colcon.colcon_core.event_reactor:joined thread
[1.968s] INFO:colcon.colcon_core.shell:Creating prefix script '/home/straduts/ros2_ws/install/local_setup.ps1'
[1.970s] INFO:colcon.colcon_core.shell:Creating prefix util module '/home/straduts/ros2_ws/install/_local_setup_util_ps1.py'
[1.972s] INFO:colcon.colcon_core.shell:Creating prefix chain script '/home/straduts/ros2_ws/install/setup.ps1'
[1.973s] INFO:colcon.colcon_core.shell:Creating prefix script '/home/straduts/ros2_ws/install/local_setup.sh'
[1.974s] INFO:colcon.colcon_core.shell:Creating prefix util module '/home/straduts/ros2_ws/install/_local_setup_util_sh.py'
[1.975s] INFO:colcon.colcon_core.shell:Creating prefix chain script '/home/straduts/ros2_ws/install/setup.sh'
[1.977s] INFO:colcon.colcon_core.shell:Creating prefix script '/home/straduts/ros2_ws/install/local_setup.bash'
[1.978s] INFO:colcon.colcon_core.shell:Creating prefix chain script '/home/straduts/ros2_ws/install/setup.bash'
[1.979s] INFO:colcon.colcon_core.shell:Creating prefix script '/home/straduts/ros2_ws/install/local_setup.zsh'
[1.980s] INFO:colcon.colcon_core.shell:Creating prefix chain script '/home/straduts/ros2_ws/install/setup.zsh'
